PRT1
12
18
4 0 4 (-1504 -272 136 ) (-1504 -272 0 ) (-1328 -272 0 ) (-1328 -272 136 ) 
4 0 2 (-1296 -272 0 ) (-1528 -272 0 ) (-1528 -72 0 ) (-1296 -72 0 ) 
4 0 1 (-1536 -72 0 ) (-1536 -71.030296 0 ) (-1288 -71.030296 0 ) (-1288 -72 0 ) 
4 0 3 (-1536 -272 0 ) (-1544 -272 0 ) (-1544 -71.030296 0 ) (-1536 -71.030296 0 ) 
4 1 2 (-1528 -72 -8.036110 ) (-1296 -72 -8.036110 ) (-1296 -72 0 ) (-1528 -72 0 ) 
4 1 3 (-1536 -72 0 ) (-1536 -71.030296 0 ) (-1536 -71.030296 -8.036110 ) (-1536 -72 -8.036110 ) 
4 2 4 (-1328 -272 0 ) (-1504 -272 0 ) (-1504 -272 -8.036110 ) (-1328 -272 -8.036110 ) 
4 4 5 (-1416 -280 -8.036110 ) (-1328 -280 -8.036110 ) (-1328 -280 136 ) (-1416 -280 136 ) 
4 4 6 (-1504 -280 136 ) (-1504 -280 -8.036110 ) (-1416 -280 -8.036110 ) (-1416 -280 136 ) 
4 5 7 (-1416 -288 -8.036110 ) (-1328 -288 -8.036110 ) (-1328 -288 136 ) (-1416 -288 136 ) 
4 5 6 (-1416 -280 -8.036110 ) (-1416 -288 -8.036110 ) (-1416 -288 183.070007 ) (-1416 -280 183.070007 ) 
4 6 7 (-1504 -288 -8.036110 ) (-1416 -288 -8.036110 ) (-1416 -288 136 ) (-1504 -288 136 ) 
4 7 9 (-1328 -296 -8.036110 ) (-1328 -296 0 ) (-1504 -296 0 ) (-1504 -296 -8.036110 ) 
4 7 8 (-1328 -296 0 ) (-1328 -296 136 ) (-1504 -296 136 ) (-1504 -296 0 ) 
4 8 11 (-1504 -496 128 ) (-1504 -496 0 ) (-1328 -496 0 ) (-1328 -496 128 ) 
4 8 9 (-1296 -496 0 ) (-1528 -496 0 ) (-1528 -296 0 ) (-1296 -296 0 ) 
4 8 10 (-1536 -296 185.882004 ) (-1536 -296 0 ) (-1536 -496 0 ) (-1536 -496 185.882004 ) 
4 9 11 (-1328 -496 0 ) (-1504 -496 0 ) (-1504 -496 -8.036110 ) (-1328 -496 -8.036110 ) 
